<?xml version="1.0" encoding="UTF-8"?>
<coverage generated="1771108897813" clover="3.2.0">
  <project timestamp="1771108897813" name="All files">
    <metrics statements="19" coveredstatements="19" conditionals="10" coveredconditionals="10" methods="2" coveredmethods="2" elements="31" coveredelements="31" complexity="0" loc="19" ncloc="19" packages="1" files="1" classes="1"/>
    <file name="playbackAnalytics.ts" path="/Users/zulkufadsiz/Projects/MamoPlayer/components/lib/playbackAnalytics.ts">
      <metrics statements="19" coveredstatements="19" conditionals="10" coveredconditionals="10" methods="2" coveredmethods="2"/>
      <line num="17" count="6" type="stmt"/>
      <line num="18" count="6" type="stmt"/>
      <line num="19" count="6" type="stmt"/>
      <line num="20" count="6" type="stmt"/>
      <line num="22" count="6" type="stmt"/>
      <line num="23" count="5" type="cond" truecount="2" falsecount="0"/>
      <line num="24" count="4" type="cond" truecount="2" falsecount="0"/>
      <line num="26" count="3" type="stmt"/>
      <line num="27" count="3" type="stmt"/>
      <line num="31" count="3" type="cond" truecount="2" falsecount="0"/>
      <line num="32" count="1" type="stmt"/>
      <line num="35" count="3" type="cond" truecount="4" falsecount="0"/>
      <line num="36" count="1" type="stmt"/>
      <line num="39" count="3" type="stmt"/>
      <line num="45" count="1" type="stmt"/>
      <line num="49" count="6" type="stmt"/>
      <line num="50" count="5" type="stmt"/>
      <line num="55" count="5" type="stmt"/>
      <line num="56" count="5" type="stmt"/>
    </file>
  </project>
</coverage>
