{"/Users/zulkufadsiz/Projects/MamoPlayer/components/lib/playbackAnalytics.ts": {"path":"/Users/zulkufadsiz/Projects/MamoPlayer/components/lib/playbackAnalytics.ts","statementMap":{"0":{"start":{"line":17,"column":27},"end":{"line":17,"column":78}},"1":{"start":{"line":18,"column":24},"end":{"line":18,"column":72}},"2":{"start":{"line":19,"column":30},"end":{"line":19,"column":84}},"3":{"start":{"line":20,"column":31},"end":{"line":20,"column":86}},"4":{"start":{"line":22,"column":30},"end":{"line":47,"column":1}},"5":{"start":{"line":23,"column":2},"end":{"line":23,"column":34}},"6":{"start":{"line":23,"column":27},"end":{"line":23,"column":34}},"7":{"start":{"line":24,"column":2},"end":{"line":24,"column":42}},"8":{"start":{"line":24,"column":35},"end":{"line":24,"column":42}},"9":{"start":{"line":26,"column":2},"end":{"line":46,"column":3}},"10":{"start":{"line":27,"column":44},"end":{"line":29,"column":5}},"11":{"start":{"line":31,"column":4},"end":{"line":33,"column":5}},"12":{"start":{"line":32,"column":6},"end":{"line":32,"column":58}},"13":{"start":{"line":35,"column":4},"end":{"line":37,"column":5}},"14":{"start":{"line":36,"column":6},"end":{"line":36,"column":62}},"15":{"start":{"line":39,"column":4},"end":{"line":43,"column":7}},"16":{"start":{"line":45,"column":4},"end":{"line":45,"column":68}},"17":{"start":{"line":49,"column":34},"end":{"line":57,"column":1}},"18":{"start":{"line":50,"column":44},"end":{"line":53,"column":3}},"19":{"start":{"line":55,"column":2},"end":{"line":55,"column":46}},"20":{"start":{"line":56,"column":2},"end":{"line":56,"column":38}}},"fnMap":{"0":{"name":"(anonymous_0)","decl":{"start":{"line":22,"column":30},"end":{"line":22,"column":31}},"loc":{"start":{"line":22,"column":75},"end":{"line":47,"column":1}},"line":22},"1":{"name":"(anonymous_1)","decl":{"start":{"line":49,"column":34},"end":{"line":49,"column":35}},"loc":{"start":{"line":49,"column":69},"end":{"line":57,"column":1}},"line":49}},"branchMap":{"0":{"loc":{"start":{"line":23,"column":2},"end":{"line":23,"column":34}},"type":"if","locations":[{"start":{"line":23,"column":2},"end":{"line":23,"column":34}},{"start":{},"end":{}}],"line":23},"1":{"loc":{"start":{"line":24,"column":2},"end":{"line":24,"column":42}},"type":"if","locations":[{"start":{"line":24,"column":2},"end":{"line":24,"column":42}},{"start":{},"end":{}}],"line":24},"2":{"loc":{"start":{"line":31,"column":4},"end":{"line":33,"column":5}},"type":"if","locations":[{"start":{"line":31,"column":4},"end":{"line":33,"column":5}},{"start":{},"end":{}}],"line":31},"3":{"loc":{"start":{"line":35,"column":4},"end":{"line":37,"column":5}},"type":"if","locations":[{"start":{"line":35,"column":4},"end":{"line":37,"column":5}},{"start":{},"end":{}}],"line":35},"4":{"loc":{"start":{"line":35,"column":8},"end":{"line":35,"column":55}},"type":"binary-expr","locations":[{"start":{"line":35,"column":8},"end":{"line":35,"column":29}},{"start":{"line":35,"column":33},"end":{"line":35,"column":55}}],"line":35}},"s":{"0":6,"1":6,"2":6,"3":6,"4":6,"5":5,"6":1,"7":4,"8":1,"9":3,"10":3,"11":3,"12":1,"13":3,"14":1,"15":3,"16":1,"17":6,"18":5,"19":5,"20":5},"f":{"0":5,"1":5},"b":{"0":[1,4],"1":[1,3],"2":[1,2],"3":[1,2],"4":[3,2]},"_coverageSchema":"1a1c01bbd47fc00a2c39e90264f33305004495a9","hash":"f9e704264f0ee9c66d1c38ff03155e0dd5301e97"}
}
